<?xml version="1.0" encoding="UTF-8"?>
<!-- Generated by org.testng.reporters.JUnitReportReporter -->
<testsuite hostname="HP-PC" failures="0" tests="4" name="sanidhyademo.Dependent_methods" time="0.028" errors="0" timestamp="2019-10-13T21:06:38 IST" skipped="0">
  <testcase classname="sanidhyademo.Dependent_methods" name="test1" time="0.005"/>
  <testcase classname="sanidhyademo.Dependent_methods" name="test2" time="0.015"/>
  <testcase classname="sanidhyademo.Dependent_methods" name="test3" time="0.005"/>
  <testcase classname="sanidhyademo.Dependent_methods" name="test4" time="0.003"/>
</testsuite> <!-- sanidhyademo.Dependent_methods -->
