<?xml version="1.0" encoding="UTF-8"?>
<!-- Generated by org.testng.reporters.JUnitReportReporter -->
<testsuite hostname="HP-PC" failures="0" tests="2" name="sanidhyademo.Testng_AnnotationDemo" time="0.016" errors="0" timestamp="2019-10-23T16:10:59 IST" skipped="0">
  <testcase classname="sanidhyademo.Testng_AnnotationDemo" name="test2" time="0.004"/>
  <testcase classname="sanidhyademo.Testng_AnnotationDemo" name="test1" time="0.012"/>
</testsuite> <!-- sanidhyademo.Testng_AnnotationDemo -->
