<?xml version="1.0" encoding="UTF-8"?>
<!-- Generated by org.testng.reporters.JUnitReportReporter -->
<testsuite hostname="HP-PC" failures="0" tests="2" name="sanidhyademo.DemoTestNg1" time="0.012" errors="0" timestamp="2019-10-06T13:14:05 IST" skipped="0">
  <testcase classname="sanidhyademo.DemoTestNg1" name="test2" time="0.004"/>
  <testcase classname="sanidhyademo.DemoTestNg1" name="test1" time="0.008"/>
</testsuite> <!-- sanidhyademo.DemoTestNg1 -->
