<?xml version="1.0" encoding="UTF-8"?>
<!-- Generated by org.testng.reporters.JUnitReportReporter -->
<testsuite hostname="HP-PC" failures="0" tests="3" name="DataDrivenFramework.Demo113" time="18.113" errors="0" timestamp="2019-10-20T14:32:53 IST" skipped="0">
  <testcase classname="DataDrivenFramework.Demo113" name="testdata" time="6.019"/>
  <testcase classname="DataDrivenFramework.Demo113" name="testdata" time="6.250"/>
  <testcase classname="DataDrivenFramework.Demo113" name="testdata" time="5.844"/>
</testsuite> <!-- DataDrivenFramework.Demo113 -->
