<?xml version="1.0" encoding="UTF-8"?>
<!-- Generated by org.testng.reporters.JUnitReportReporter -->
<testsuite hostname="HP-PC" failures="0" tests="1" name="DataDrivenFramework.RunTest" time="0.016" errors="0" timestamp="2019-10-23T16:18:14 IST" skipped="0">
  <testcase classname="DataDrivenFramework.RunTest" name="runtheThroughCommandline" time="0.016"/>
</testsuite> <!-- DataDrivenFramework.RunTest -->
