<?xml version="1.0" encoding="UTF-8"?>
<!-- Generated by org.testng.reporters.JUnitReportReporter -->
<testsuite hostname="HP-PC" failures="0" tests="1" name="screenshotExample.ScreenShot" time="11.571" errors="0" timestamp="2019-11-06T16:10:11 IST" skipped="0">
  <testcase classname="screenshotExample.ScreenShot" name="captureScreenShot" time="11.571"/>
</testsuite> <!-- screenshotExample.ScreenShot -->
