<?xml version="1.0" encoding="UTF-8"?>
<!-- Generated by org.testng.reporters.JUnitReportReporter -->
<testsuite hostname="HP-PC" failures="0" tests="3" name="sanidhyademo.MultipleTest" time="56.068" errors="0" timestamp="2019-10-09T17:48:55 IST" skipped="0">
  <testcase classname="sanidhyademo.MultipleTest" name="test1" time="14.756"/>
  <testcase classname="sanidhyademo.MultipleTest" name="test2" time="20.505"/>
  <testcase classname="sanidhyademo.MultipleTest" name="tes3" time="20.807"/>
</testsuite> <!-- sanidhyademo.MultipleTest -->
