<?xml version="1.0" encoding="UTF-8"?>
<!-- Generated by org.testng.reporters.JUnitReportReporter -->
<testsuite hostname="HP-PC" failures="0" tests="3" name="DataDrivenFramework.ExcellDataProvider" time="0.016" errors="0" timestamp="2019-10-20T14:33:20 IST" skipped="0">
  <testcase classname="DataDrivenFramework.ExcellDataProvider" name="testData" time="0.000"/>
  <testcase classname="DataDrivenFramework.ExcellDataProvider" name="testData" time="0.000"/>
  <testcase classname="DataDrivenFramework.ExcellDataProvider" name="testData" time="0.016"/>
</testsuite> <!-- DataDrivenFramework.ExcellDataProvider -->
